{"name": "test_empower", "status": "broken", "statusDetails": {"message": "selenium.common.exceptions.TimeoutException: Message:", "trace": "self = <script.test_empower.TestEmpower object at 0x000001A15CAD0220>\n\n    @allure.severity(allure.severity_level.CRITICAL)\n    def test_empower(self):\n>       self.empower_proxy.go_empower()\n\nscript\\test_empower.py:46: \n_ _ _ _ _ _ _ _ _ _ _ _ _ _ _ _ _ _ _ _ _ _ _ _ _ _ _ _ _ _ _ _ _ _ _ _ _ _ _ _ _ _ _ _ _ _ _ _ _ _ _ _ _ _ _ _ _ _ _ _ _ _ _ _ _ _ _ _ _ _ _ _ _ _ _ _\npage\\empower_page.py:188: in go_empower\n    self.empower_handle.click_empower_btn()\npage\\empower_page.py:115: in click_empower_btn\n    self.empower_page.find_empower_btn().click()\npage\\empower_page.py:54: in find_empower_btn\n    return self.get_element(self.empower_btn)\nbase\\base.py:15: in get_element\n    element = wait.until(lambda x: x.find_element(*location))\n_ _ _ _ _ _ _ _ _ _ _ _ _ _ _ _ _ _ _ _ _ _ _ _ _ _ _ _ _ _ _ _ _ _ _ _ _ _ _ _ _ _ _ _ _ _ _ _ _ _ _ _ _ _ _ _ _ _ _ _ _ _ _ _ _ _ _ _ _ _ _ _ _ _ _ _\n\nself = <selenium.webdriver.support.wait.WebDriverWait (session=\"eb52ad9c2c792c80591e111a45f2b3e1\")>\nmethod = <function BasePage.get_element.<locals>.<lambda> at 0x000001A15C9C0790>, message = ''\n\n    def until(self, method, message=''):\n        \"\"\"Calls the method provided with the driver as an argument until the \\\n        return value is not False.\"\"\"\n        screen = None\n        stacktrace = None\n    \n        end_time = time.time() + self._timeout\n        while True:\n            try:\n                value = method(self._driver)\n                if value:\n                    return value\n            except self._ignored_exceptions as exc:\n                screen = getattr(exc, 'screen', None)\n                stacktrace = getattr(exc, 'stacktrace', None)\n            time.sleep(self._poll)\n            if time.time() > end_time:\n                break\n>       raise TimeoutException(message, screen, stacktrace)\nE       selenium.common.exceptions.TimeoutException: Message:\n\nd:\\python3.8\\lib\\site-packages\\selenium\\webdriver\\support\\wait.py:80: TimeoutException"}, "steps": [{"name": "点击授权申请按钮", "status": "broken", "statusDetails": {"message": "selenium.common.exceptions.TimeoutException: Message: \n\n", "trace": "  File \"d:\\python3.8\\lib\\site-packages\\allure_commons\\_allure.py\", line 172, in impl\n    return func(*a, **kw)\n  File \"D:\\PythonTest\\MSH\\page\\empower_page.py\", line 115, in click_empower_btn\n    self.empower_page.find_empower_btn().click()\n  File \"D:\\PythonTest\\MSH\\page\\empower_page.py\", line 54, in find_empower_btn\n    return self.get_element(self.empower_btn)\n  File \"D:\\PythonTest\\MSH\\base\\base.py\", line 15, in get_element\n    element = wait.until(lambda x: x.find_element(*location))\n  File \"d:\\python3.8\\lib\\site-packages\\selenium\\webdriver\\support\\wait.py\", line 80, in until\n    raise TimeoutException(message, screen, stacktrace)\n"}, "start": 1640934627770, "stop": 1640934637847}], "start": 1640934627770, "stop": 1640934637855, "uuid": "f23b796d-971a-4387-8155-56b0f8a8ab50", "historyId": "79afa740752a064502f53e2384d12d2c", "testCaseId": "08385311911b3c242b85b86a5a2191d7", "fullName": "script.test_empower.TestEmpower#test_empower", "labels": [{"name": "severity", "value": "critical"}, {"name": "tag", "value": "run(order=2)"}, {"name": "parentSuite", "value": "script"}, {"name": "suite", "value": "test_empower"}, {"name": "subSuite", "value": "TestEmpower"}, {"name": "host", "value": "L613"}, {"name": "thread", "value": "23232-MainThread"}, {"name": "framework", "value": "pytest"}, {"name": "language", "value": "cpython3"}, {"name": "package", "value": "script.test_empower"}]}